<?xml version="1.0" encoding="UTF-8"?>
<!-- Generated by org.testng.reporters.JUnitReportReporter -->
<testsuite hostname="LAPTOP-11EVI7RP" failures="0" tests="1" name="Pages.SignUpTest" time="67.496" errors="0" timestamp="2024-01-16T16:38:30 IST" skipped="0">
  <testcase classname="Pages.SignUpTest" name="testSignup" time="67.496"/>
</testsuite> <!-- Pages.SignUpTest -->
